<?xml version="1.0" encoding="UTF-8"?>
<testsuite xmlns:xsi="http://www.w3.org/2001/XMLSchema-instance" xsi:schemaLocation="https://maven.apache.org/surefire/maven-surefire-plugin/xsd/surefire-test-report.xsd" name="net.tamanishi.MainTest" time="1.531" tests="1" errors="0" skipped="0" failures="0">
  <properties>
    <property name="java.runtime.name" value="OpenJDK Runtime Environment"/>
    <property name="sun.boot.library.path" value="/Users/msyksnhr/.sdkman/candidates/java/19.0.2-grl/jre/lib"/>
    <property name="java.vm.version" value="25.212-b03-jvmci-19-b04"/>
    <property name="gopherProxySet" value="false"/>
    <property name="java.vm.vendor" value="Oracle Corporation"/>
    <property name="maven.multiModuleProjectDirectory" value="/Users/msyksnhr/forHelidon/first-helidon"/>
    <property name="java.vendor.url" value="http://java.oracle.com/"/>
    <property name="path.separator" value=":"/>
    <property name="guice.disable.misplaced.annotation.check" value="true"/>
    <property name="java.vm.name" value="OpenJDK 64-Bit GraalVM CE 19.0.2"/>
    <property name="file.encoding.pkg" value="sun.io"/>
    <property name="user.country" value="JP"/>
    <property name="sun.java.launcher" value="SUN_STANDARD"/>
    <property name="sun.os.patch.level" value="unknown"/>
    <property name="java.vm.specification.name" value="Java Virtual Machine Specification"/>
    <property name="user.dir" value="/Users/msyksnhr/forHelidon/first-helidon"/>
    <property name="java.runtime.version" value="1.8.0_212-20190523183630.graal2.jdk8u-src-tar-gz-b03"/>
    <property name="java.awt.graphicsenv" value="sun.awt.CGraphicsEnvironment"/>
    <property name="java.endorsed.dirs" value="/Users/msyksnhr/.sdkman/candidates/java/19.0.2-grl/jre/lib/endorsed"/>
    <property name="os.arch" value="x86_64"/>
    <property name="java.io.tmpdir" value="/var/folders/75/cl0pdfr56j7__ztf72j4q8h40000gq/T/"/>
    <property name="line.separator" value="&#10;"/>
    <property name="java.vm.specification.vendor" value="Oracle Corporation"/>
    <property name="os.name" value="Mac OS X"/>
    <property name="classworlds.conf" value="/Users/msyksnhr/.sdkman/candidates/maven/current/bin/m2.conf"/>
    <property name="sun.jnu.encoding" value="UTF-8"/>
    <property name="java.library.path" value="/Users/msyksnhr/Library/Java/Extensions:/Library/Java/Extensions:/Network/Library/Java/Extensions:/System/Library/Java/Extensions:/usr/lib/java:."/>
    <property name="maven.conf" value="/Users/msyksnhr/.sdkman/candidates/maven/current/conf"/>
    <property name="java.specification.name" value="Java Platform API Specification"/>
    <property name="java.class.version" value="52.0"/>
    <property name="sun.management.compiler" value="HotSpot 64-Bit Tiered Compilers"/>
    <property name="os.version" value="10.15"/>
    <property name="library.jansi.path" value="/Users/msyksnhr/.sdkman/candidates/maven/current/lib/jansi-native"/>
    <property name="http.nonProxyHosts" value="local|*.local|169.254/16|*.169.254/16"/>
    <property name="user.home" value="/Users/msyksnhr"/>
    <property name="user.timezone" value="Asia/Tokyo"/>
    <property name="java.awt.printerjob" value="sun.lwawt.macosx.CPrinterJob"/>
    <property name="java.specification.version" value="1.8"/>
    <property name="file.encoding" value="UTF-8"/>
    <property name="user.name" value="msyksnhr"/>
    <property name="java.class.path" value="/Users/msyksnhr/.sdkman/candidates/maven/current/boot/plexus-classworlds-2.6.0.jar"/>
    <property name="java.vm.specification.version" value="1.8"/>
    <property name="sun.arch.data.model" value="64"/>
    <property name="java.home" value="/Users/msyksnhr/.sdkman/candidates/java/19.0.2-grl/jre"/>
    <property name="sun.java.command" value="org.codehaus.plexus.classworlds.launcher.Launcher -Pnative-image package"/>
    <property name="java.specification.vendor" value="Oracle Corporation"/>
    <property name="user.language" value="en"/>
    <property name="awt.toolkit" value="sun.lwawt.macosx.LWCToolkit"/>
    <property name="java.vm.info" value="mixed mode"/>
    <property name="java.version" value="1.8.0_212"/>
    <property name="java.ext.dirs" value="/Users/msyksnhr/Library/Java/Extensions:/Users/msyksnhr/.sdkman/candidates/java/19.0.2-grl/jre/lib/ext:/Library/Java/Extensions:/Network/Library/Java/Extensions:/System/Library/Java/Extensions:/usr/lib/java"/>
    <property name="sun.boot.class.path" value="/Users/msyksnhr/.sdkman/candidates/java/19.0.2-grl/jre/lib/resources.jar:/Users/msyksnhr/.sdkman/candidates/java/19.0.2-grl/jre/lib/rt.jar:/Users/msyksnhr/.sdkman/candidates/java/19.0.2-grl/jre/lib/sunrsasign.jar:/Users/msyksnhr/.sdkman/candidates/java/19.0.2-grl/jre/lib/jsse.jar:/Users/msyksnhr/.sdkman/candidates/java/19.0.2-grl/jre/lib/jce.jar:/Users/msyksnhr/.sdkman/candidates/java/19.0.2-grl/jre/lib/charsets.jar:/Users/msyksnhr/.sdkman/candidates/java/19.0.2-grl/jre/lib/jfr.jar:/Users/msyksnhr/.sdkman/candidates/java/19.0.2-grl/jre/lib/jvmci-services.jar:/Users/msyksnhr/.sdkman/candidates/java/19.0.2-grl/jre/classes:/Users/msyksnhr/.sdkman/candidates/java/19.0.2-grl/jre/lib/boot/graaljs-scriptengine.jar:/Users/msyksnhr/.sdkman/candidates/java/19.0.2-grl/jre/lib/boot/graal-sdk.src.zip:/Users/msyksnhr/.sdkman/candidates/java/19.0.2-grl/jre/lib/boot/graal-sdk.jar"/>
    <property name="java.vendor" value="Oracle Corporation"/>
    <property name="maven.home" value="/Users/msyksnhr/.sdkman/candidates/maven/current"/>
    <property name="file.separator" value="/"/>
    <property name="java.vendor.url.bug" value="http://bugreport.sun.com/bugreport/"/>
    <property name="sun.cpu.endian" value="little"/>
    <property name="sun.io.unicode.encoding" value="UnicodeBig"/>
    <property name="socksNonProxyHosts" value="local|*.local|169.254/16|*.169.254/16"/>
    <property name="jvmci.Compiler" value="graal"/>
    <property name="ftp.nonProxyHosts" value="local|*.local|169.254/16|*.169.254/16"/>
    <property name="sun.cpu.isalist" value=""/>
  </properties>
  <testcase name="testHelloWorld" classname="net.tamanishi.MainTest" time="0.466"/>
</testsuite>